read_checkpoint ./Synth/mkPcieTop/mkPcieTop-synth.dcp
    Elapsed time 0 seconds
link_design
    Elapsed time 57 seconds
read_xdc /home/joonwonc/workspace/bs/connectal/constraints/xilinx/vc707g2.xdc
    Elapsed time 0 seconds
read_xdc /home/joonwonc/workspace/bs/connectal/constraints/xilinx/pcie-clocks.xdc
    Elapsed time 6 seconds
write_checkpoint -force ./Impl/TopDown/top-post-link.dcp
    Elapsed time 25 seconds
opt_design
    Elapsed time 449 seconds
write_checkpoint -force ./Impl/TopDown/top-post-opt.dcp
    Elapsed time 27 seconds
place_design
    Elapsed time 853 seconds
write_checkpoint -force ./Impl/TopDown/top-post-place.dcp
    Elapsed time 30 seconds
phys_opt_design
    Elapsed time 80 seconds
write_checkpoint -force ./Impl/TopDown/top-post-phys-opt.dcp
    Elapsed time 30 seconds
route_design
    Elapsed time 523 seconds
write_checkpoint -force ./Impl/TopDown/top-post-route.dcp
    Elapsed time 35 seconds
write_bitstream -bin_file -force Impl/TopDown/mkTop.bit
    Elapsed time 79 seconds
