Command: opt_design
Attempting to get a license for feature 'Implementation' and/or device 'xc7vx485t'
INFO: [Common 17-349] Got license for feature 'Implementation' and/or device 'xc7vx485t'
INFO: [Common 17-1223] The version limit for your license is '2020.06' and will expire in -141 days. A version limit expiration means that, although you may be able to continue to use the current version of tools or IP with this license, you will not be eligible for any updates or new releases.
Running DRC as a precondition to command opt_design

Starting DRC Task
INFO: [DRC 23-27] Running DRC with 8 threads
INFO: [Project 1-461] DRC finished with 0 Errors
INFO: [Project 1-462] Please refer to the DRC report (report_drc) for more information.

Time (s): cpu = 00:00:02 ; elapsed = 00:00:02 . Memory (MB): peak = 3256.969 ; gain = 40.016 ; free physical = 112996 ; free virtual = 216062

Starting Logic Optimization Task
Implement Debug Cores | Checksum: 1b44b5a70

Phase 1 Retarget
INFO: [Opt 31-138] Pushed 4 inverter(s) to 51 load pin(s).
WARNING: [Constraints 18-1079] Register host_pcieHostTop_ep7/portalReset/reset_meta_reg and host_pcieHostTop_ep7/portalReset/reset_hold_reg[1] are from the same synchronizer and have the ASYNC_REG property set, but could not be placed into the same slice due to constraints or mismatched control signals on the registers.
INFO: [Opt 31-49] Retargeted 0 cell(s).
Phase 1 Retarget | Checksum: 24d9040b3

Time (s): cpu = 00:00:17 ; elapsed = 00:00:17 . Memory (MB): peak = 3256.969 ; gain = 0.000 ; free physical = 112999 ; free virtual = 216064

Phase 2 Constant Propagation
INFO: [Opt 31-138] Pushed 8 inverter(s) to 16 load pin(s).
WARNING: [Constraints 18-1079] Register host_pcieHostTop_ep7/portalReset/reset_meta_reg and host_pcieHostTop_ep7/portalReset/reset_hold_reg[1] are from the same synchronizer and have the ASYNC_REG property set, but could not be placed into the same slice due to constraints or mismatched control signals on the registers.
INFO: [Opt 31-10] Eliminated 5834 cells.
Phase 2 Constant Propagation | Checksum: dd450788

Time (s): cpu = 00:00:37 ; elapsed = 00:00:37 . Memory (MB): peak = 3256.969 ; gain = 0.000 ; free physical = 112998 ; free virtual = 216063

Phase 3 Sweep
INFO: [Opt 31-12] Eliminated 12565 unconnected nets.
WARNING: [Constraints 18-1079] Register host_pcieHostTop_ep7/portalReset/reset_meta_reg and host_pcieHostTop_ep7/portalReset/reset_hold_reg[1] are from the same synchronizer and have the ASYNC_REG property set, but could not be placed into the same slice due to constraints or mismatched control signals on the registers.
INFO: [Opt 31-11] Eliminated 5126 unconnected cells.
Phase 3 Sweep | Checksum: 215ac37bb

Time (s): cpu = 00:01:01 ; elapsed = 00:01:01 . Memory (MB): peak = 3256.969 ; gain = 0.000 ; free physical = 113000 ; free virtual = 216065

Starting Connectivity Check Task

Time (s): cpu = 00:00:00.70 ; elapsed = 00:00:00.70 . Memory (MB): peak = 3256.969 ; gain = 0.000 ; free physical = 113000 ; free virtual = 216065
Ending Logic Optimization Task | Checksum: 215ac37bb

Time (s): cpu = 00:01:03 ; elapsed = 00:01:03 . Memory (MB): peak = 3256.969 ; gain = 0.000 ; free physical = 113000 ; free virtual = 216066

Starting Power Optimization Task
INFO: [Pwropt 34-132] Skipping clock gating for clocks with a period < 2.00 ns.
INFO: [Timing 38-35] Done setting XDC timing constraints.
Running Vector-less Activity Propagation...

Finished Running Vector-less Activity Propagation
INFO: [Pwropt 34-9] Applying IDT optimizations ...
INFO: [Pwropt 34-10] Applying ODC optimizations ...


Starting PowerOpt Patch Enables Task
INFO: [Pwropt 34-162] WRITE_MODE attribute of 479 BRAM(s) out of a total of 788 has been updated to save power. Run report_power_opt to get a complete listing of the BRAMs updated.
INFO: [Pwropt 34-201] Structural ODC has moved 0 WE to EN ports
Number of BRAM Ports augmented: 768 newly gated: 40 Total Ports: 1576
Number of Flops added for Enable Generation: 8

Ending PowerOpt Patch Enables Task | Checksum: 18bf13caf

Time (s): cpu = 00:00:01 ; elapsed = 00:00:02 . Memory (MB): peak = 5238.637 ; gain = 0.000 ; free physical = 111069 ; free virtual = 214139
Ending Power Optimization Task | Checksum: 18bf13caf

Time (s): cpu = 00:07:15 ; elapsed = 00:06:24 . Memory (MB): peak = 5238.637 ; gain = 1981.668 ; free physical = 111069 ; free virtual = 214139
INFO: [Common 17-83] Releasing license: Implementation
41 Infos, 14 Warnings, 10 Critical Warnings and 0 Errors encountered.
opt_design completed successfully
opt_design: Time (s): cpu = 00:08:22 ; elapsed = 00:07:29 . Memory (MB): peak = 5238.637 ; gain = 2021.688 ; free physical = 111069 ; free virtual = 214139
